This is pdfTeX, Version 3.141592653-2.6-1.40.24 (MiKTeX 22.12) (preloaded format=pdflatex 2023.1.23)  27 APR 2023 10:19
entering extended mode
 restricted \write18 enabled.
 file:line:error style messages enabled.
 %&-line parsing enabled.
**./litverz.tex
(litverz.tex
LaTeX2e <2022-11-01> patch level 1
L3 programming layer <2023-01-16>

litverz.tex:10: LaTeX Error: Environment thebibliography undefined.

See the LaTeX manual or LaTeX Companion for explanation.
Type  H <return>  for immediate help.
 ...                                              
                                                  
l.10 \begin{thebibliography}
                            {99}
Your command was ignored.
Type  I <command> <return>  to replace it with another command,
or  <return>  to continue without it.


litverz.tex:10: LaTeX Error: Missing \begin{document}.

See the LaTeX manual or LaTeX Companion for explanation.
Type  H <return>  for immediate help.
 ...                                              
                                                  
l.10 \begin{thebibliography}{9
                              9}
You're in trouble here.  Try typing  <return>  to proceed.
If that doesn't work, type  X <return>  to quit.

Missing character: There is no 9 in font nullfont!
Missing character: There is no 9 in font nullfont!

Overfull \hbox (20.0pt too wide) in paragraph at lines 10--11
[] 
 []


litverz.tex:12: LaTeX Error: Lonely \item--perhaps a missing list environment.

See the LaTeX manual or LaTeX Companion for explanation.
Type  H <return>  for immediate help.
 ...                                              
                                                  
l.12 \bibitem{sigdestad22}
                          
Try typing  <return>  to proceed.
If that doesn't work, type  X <return>  to quit.

litverz.tex:12: Undefined control sequence.
<argument> \@listctr 
                     
l.12 \bibitem{sigdestad22}
                          
The control sequence at the end of the top line
of your error message was never \def'ed. If you have
misspelled it (e.g., `\hobx'), type `I' and the correct
spelling (e.g., `I\hbox'). Otherwise just continue,
and I'll forget about whatever was undefined.

litverz.tex:12: You can't use `\relax' after \the.
<recently read> \c@ 
                    
l.12 \bibitem{sigdestad22}
                          
I'm forgetting what you said and using zero instead.

\bibcite{sigdestad22}{0}
Missing character: There is no T in font nullfont!
Missing character: There is no h in font nullfont!
Missing character: There is no o in font nullfont!
Missing character: There is no m in font nullfont!
Missing character: There is no a in font nullfont!
Missing character: There is no s in font nullfont!
Missing character: There is no S in font nullfont!
Missing character: There is no i in font nullfont!
Missing character: There is no g in font nullfont!
Missing character: There is no d in font nullfont!
Missing character: There is no e in font nullfont!
Missing character: There is no s in font nullfont!
Missing character: There is no t in font nullfont!
Missing character: There is no a in font nullfont!
Missing character: There is no d in font nullfont!
Missing character: There is no , in font nullfont!
litverz.tex:15: Undefined control sequence.
l.15 	\url
          {https://enonic.com/blog/front-end-frameworks-what-is-important},
The control sequence at the end of the top line
of your error message was never \def'ed. If you have
misspelled it (e.g., `\hobx'), type `I' and the correct
spelling (e.g., `I\hbox'). Otherwise just continue,
and I'll forget about whatever was undefined.

Missing character: There is no h in font nullfont!
Missing character: There is no t in font nullfont!
Missing character: There is no t in font nullfont!
Missing character: There is no p in font nullfont!
Missing character: There is no s in font nullfont!
Missing character: There is no : in font nullfont!
Missing character: There is no / in font nullfont!
Missing character: There is no / in font nullfont!
Missing character: There is no e in font nullfont!
Missing character: There is no n in font nullfont!
Missing character: There is no o in font nullfont!
Missing character: There is no n in font nullfont!
Missing character: There is no i in font nullfont!
Missing character: There is no c in font nullfont!
Missing character: There is no . in font nullfont!
Missing character: There is no c in font nullfont!
Missing character: There is no o in font nullfont!
Missing character: There is no m in font nullfont!
Missing character: There is no / in font nullfont!
Missing character: There is no b in font nullfont!
Missing character: There is no l in font nullfont!
Missing character: There is no o in font nullfont!
Missing character: There is no g in font nullfont!
Missing character: There is no / in font nullfont!
Missing character: There is no f in font nullfont!
Missing character: There is no r in font nullfont!
Missing character: There is no o in font nullfont!
Missing character: There is no n in font nullfont!
Missing character: There is no t in font nullfont!
Missing character: There is no - in font nullfont!
Missing character: There is no e in font nullfont!
Missing character: There is no n in font nullfont!
Missing character: There is no d in font nullfont!
Missing character: There is no - in font nullfont!
Missing character: There is no f in font nullfont!
Missing character: There is no r in font nullfont!
Missing character: There is no a in font nullfont!
Missing character: There is no m in font nullfont!
Missing character: There is no e in font nullfont!
Missing character: There is no w in font nullfont!
Missing character: There is no o in font nullfont!
Missing character: There is no r in font nullfont!
Missing character: There is no k in font nullfont!
Missing character: There is no s in font nullfont!
Missing character: There is no - in font nullfont!
Missing character: There is no w in font nullfont!
Missing character: There is no h in font nullfont!
Missing character: There is no a in font nullfont!
Missing character: There is no t in font nullfont!
Missing character: There is no - in font nullfont!
Missing character: There is no i in font nullfont!
Missing character: There is no s in font nullfont!
Missing character: There is no - in font nullfont!
Missing character: There is no i in font nullfont!
Missing character: There is no m in font nullfont!
Missing character: There is no p in font nullfont!
Missing character: There is no o in font nullfont!
Missing character: There is no r in font nullfont!
Missing character: There is no t in font nullfont!
Missing character: There is no a in font nullfont!
Missing character: There is no n in font nullfont!
Missing character: There is no t in font nullfont!
Missing character: There is no , in font nullfont!
Missing character: There is no ( in font nullfont!
Missing character: There is no a in font nullfont!
Missing character: There is no b in font nullfont!
Missing character: There is no g in font nullfont!
Missing character: There is no e in font nullfont!
Missing character: There is no r in font nullfont!
Missing character: There is no u in font nullfont!
Missing character: There is no f in font nullfont!
Missing character: There is no e in font nullfont!
Missing character: There is no n in font nullfont!
Missing character: There is no 2 in font nullfont!
Missing character: There is no 6 in font nullfont!
Missing character: There is no . in font nullfont!
Missing character: There is no 0 in font nullfont!
Missing character: There is no 4 in font nullfont!
Missing character: There is no . in font nullfont!
Missing character: There is no 2 in font nullfont!
Missing character: There is no 0 in font nullfont!
Missing character: There is no 2 in font nullfont!
Missing character: There is no 3 in font nullfont!
Missing character: There is no ) in font nullfont!

Overfull \hbox (27.09978pt too wide) in paragraph at lines 13--17
\OT1/cmr/m/it/10 Front-
 []


Overfull \hbox (15.33324pt too wide) in paragraph at lines 13--17
\OT1/cmr/m/it/10 end
 []


Overfull \hbox (28.23868pt too wide) in paragraph at lines 13--17
\OT1/cmr/m/it/10 frame-
 []


Overfull \hbox (27.7276pt too wide) in paragraph at lines 13--17
\OT1/cmr/m/it/10 works:
 []


Overfull \hbox (23.53319pt too wide) in paragraph at lines 13--17
\OT1/cmr/m/it/10 What
 []


Overfull \hbox (7.15552pt too wide) in paragraph at lines 13--17
\OT1/cmr/m/it/10 is
 []


Overfull \hbox (14.82213pt too wide) in paragraph at lines 13--17
\OT1/cmr/m/it/10 im-
 []


Overfull \hbox (17.50542pt too wide) in paragraph at lines 13--17
\OT1/cmr/m/it/10 por-
 []


Overfull \hbox (17.37766pt too wide) in paragraph at lines 13--17
\OT1/cmr/m/it/10 tant
 []


Overfull \hbox (20.31651pt too wide) in paragraph at lines 13--17
\OT1/cmr/m/it/10 right
 []


Overfull \hbox (22.48877pt too wide) in paragraph at lines 13--17
\OT1/cmr/m/it/10 now?
 []


litverz.tex:18: LaTeX Error: Lonely \item--perhaps a missing list environment.

See the LaTeX manual or LaTeX Companion for explanation.
Type  H <return>  for immediate help.
 ...                                              
                                                  
l.18 \bibitem{googleTrends}
                           
Try typing  <return>  to proceed.
If that doesn't work, type  X <return>  to quit.

litverz.tex:18: Undefined control sequence.
<argument> \@listctr 
                     
l.18 \bibitem{googleTrends}
                           
The control sequence at the end of the top line
of your error message was never \def'ed. If you have
misspelled it (e.g., `\hobx'), type `I' and the correct
spelling (e.g., `I\hbox'). Otherwise just continue,
and I'll forget about whatever was undefined.

litverz.tex:18: You can't use `\relax' after \the.
<recently read> \c@ 
                    
l.18 \bibitem{googleTrends}
                           
I'm forgetting what you said and using zero instead.

\bibcite{googleTrends}{0}
Missing character: There is no - in font nullfont!
Missing character: There is no , in font nullfont!
litverz.tex:21: Undefined control sequence.
l.21 	\url
          {https://trends.google.de/trends/explore/GEO_MAP/1682502600?hl=de&...
The control sequence at the end of the top line
of your error message was never \def'ed. If you have
misspelled it (e.g., `\hobx'), type `I' and the correct
spelling (e.g., `I\hbox'). Otherwise just continue,
and I'll forget about whatever was undefined.

Missing character: There is no h in font nullfont!
Missing character: There is no t in font nullfont!
Missing character: There is no t in font nullfont!
Missing character: There is no p in font nullfont!
Missing character: There is no s in font nullfont!
Missing character: There is no : in font nullfont!
Missing character: There is no / in font nullfont!
Missing character: There is no / in font nullfont!
Missing character: There is no t in font nullfont!
Missing character: There is no r in font nullfont!
Missing character: There is no e in font nullfont!
Missing character: There is no n in font nullfont!
Missing character: There is no d in font nullfont!
Missing character: There is no s in font nullfont!
Missing character: There is no . in font nullfont!
Missing character: There is no g in font nullfont!
Missing character: There is no o in font nullfont!
Missing character: There is no o in font nullfont!
Missing character: There is no g in font nullfont!
Missing character: There is no l in font nullfont!
Missing character: There is no e in font nullfont!
Missing character: There is no . in font nullfont!
Missing character: There is no d in font nullfont!
Missing character: There is no e in font nullfont!
Missing character: There is no / in font nullfont!
Missing character: There is no t in font nullfont!
Missing character: There is no r in font nullfont!
Missing character: There is no e in font nullfont!
Missing character: There is no n in font nullfont!
Missing character: There is no d in font nullfont!
Missing character: There is no s in font nullfont!
Missing character: There is no / in font nullfont!
Missing character: There is no e in font nullfont!
Missing character: There is no x in font nullfont!
Missing character: There is no p in font nullfont!
Missing character: There is no l in font nullfont!
Missing character: There is no o in font nullfont!
Missing character: There is no r in font nullfont!
Missing character: There is no e in font nullfont!
Missing character: There is no / in font nullfont!
Missing character: There is no G in font nullfont!
Missing character: There is no E in font nullfont!
Missing character: There is no O in font nullfont!
litverz.tex:21: Missing $ inserted.
<inserted text> 
                $
l.21 ...tps://trends.google.de/trends/explore/GEO_
                                                  MAP/1682502600?hl=de&tz=-1...
I've inserted a begin-math/end-math symbol since I think
you left one out. Proceed, with fingers crossed.

LaTeX Font Info:    External font `cmex10' loaded for size
(Font)              <7> on input line 21.
LaTeX Font Info:    External font `cmex10' loaded for size
(Font)              <5> on input line 21.
litverz.tex:21: Misplaced alignment tab character &.
l.21 ...e/trends/explore/GEO_MAP/1682502600?hl=de&
                                                  tz=-120&date=today+5-y&hl=...
I can't figure out why you would want to use a tab mark
here. If you just want an ampersand, the remedy is
simple: Just type `I\&' now. But if some right brace
up above has ended a previous alignment prematurely,
you're probably due for more error messages, and you
might try typing `S' now just to see what is salvageable.

litverz.tex:21: Misplaced alignment tab character &.
l.21 .../explore/GEO_MAP/1682502600?hl=de&tz=-120&
                                                  date=today+5-y&hl=de&q=%2F...
I can't figure out why you would want to use a tab mark
here. If you just want an ampersand, the remedy is
simple: Just type `I\&' now. But if some right brace
up above has ended a previous alignment prematurely,
you're probably due for more error messages, and you
might try typing `S' now just to see what is salvageable.

litverz.tex:21: Misplaced alignment tab character &.
l.21 ...P/1682502600?hl=de&tz=-120&date=today+5-y&
                                                  hl=de&q=%2Fm%2F012l1vxv,%2...
I can't figure out why you would want to use a tab mark
here. If you just want an ampersand, the remedy is
simple: Just type `I\&' now. But if some right brace
up above has ended a previous alignment prematurely,
you're probably due for more error messages, and you
might try typing `S' now just to see what is salvageable.

litverz.tex:21: Misplaced alignment tab character &.
l.21 ...502600?hl=de&tz=-120&date=today+5-y&hl=de&
                                                  q=%2Fm%2F012l1vxv,%2Fg%2F1...
I can't figure out why you would want to use a tab mark
here. If you just want an ampersand, the remedy is
simple: Just type `I\&' now. But if some right brace
up above has ended a previous alignment prematurely,
you're probably due for more error messages, and you
might try typing `S' now just to see what is salvageable.

litverz.tex:23: Missing $ inserted.
<inserted text> 
                $
l.23 
     
I've inserted a begin-math/end-math symbol since I think
you left one out. Proceed, with fingers crossed.


Overfull \hbox (28.69145pt too wide) in paragraph at lines 19--23
\OT1/cmr/m/it/10 Google
 []


Overfull \hbox (29.51645pt too wide) in paragraph at lines 19--23
\OT1/cmr/m/it/10 Trends
 []


Overfull \hbox (46.01079pt too wide) in paragraph at lines 19--23
\OT1/cmr/m/it/10 JavaScript
 []


Overfull \hbox (30.93309pt too wide) in paragraph at lines 19--23
\OT1/cmr/m/it/10 Frame-
 []


Overfull \hbox (24.66095pt too wide) in paragraph at lines 19--23
\OT1/cmr/m/it/10 works
 []


Overfull \hbox (102.84996pt too wide) in paragraph at lines 19--23
[]\OML/cmm/m/it/10 AP=\OT1/cmr/m/n/10 1682502600?\OML/cmm/m/it/10 hl \OT1/cmr/m
/n/10 =
 []


Overfull \hbox (29.11806pt too wide) in paragraph at lines 19--23
\OML/cmm/m/it/10 detz \OT1/cmr/m/n/10 =
 []


Overfull \hbox (52.09149pt too wide) in paragraph at lines 19--23
\OMS/cmsy/m/n/10 ^^@\OT1/cmr/m/n/10 120\OML/cmm/m/it/10 date \OT1/cmr/m/n/10 =
 []


Overfull \hbox (31.9885pt too wide) in paragraph at lines 19--23
\OML/cmm/m/it/10 today \OT1/cmr/m/n/10 +
 []


Overfull \hbox (12.77782pt too wide) in paragraph at lines 19--23
\OT1/cmr/m/n/10 5 \OMS/cmsy/m/n/10 ^^@
 []


Overfull \hbox (24.75926pt too wide) in paragraph at lines 19--23
\OML/cmm/m/it/10 yhl \OT1/cmr/m/n/10 =
 []


Overfull \hbox (25.23955pt too wide) in paragraph at lines 19--23
\OML/cmm/m/it/10 deq \OT1/cmr/m/n/10 =
 []


Overfull \hbox (99.84059pt too wide) in paragraph at lines 19--23
\OT1/cmr/m/n/10 (\OML/cmm/m/it/10 abgerufen\OT1/cmr/m/n/10 26\OML/cmm/m/it/10 :
\OT1/cmr/m/n/10 04\OML/cmm/m/it/10 :\OT1/cmr/m/n/10 2023)$ 
 []


litverz.tex:24: LaTeX Error: Lonely \item--perhaps a missing list environment.

See the LaTeX manual or LaTeX Companion for explanation.
Type  H <return>  for immediate help.
 ...                                              
                                                  
l.24 \bibitem{stackoverflowStats}
                                 
Try typing  <return>  to proceed.
If that doesn't work, type  X <return>  to quit.

litverz.tex:24: Undefined control sequence.
<argument> \@listctr 
                     
l.24 \bibitem{stackoverflowStats}
                                 
The control sequence at the end of the top line
of your error message was never \def'ed. If you have
misspelled it (e.g., `\hobx'), type `I' and the correct
spelling (e.g., `I\hbox'). Otherwise just continue,
and I'll forget about whatever was undefined.

litverz.tex:24: You can't use `\relax' after \the.
<recently read> \c@ 
                    
l.24 \bibitem{stackoverflowStats}
                                 
I'm forgetting what you said and using zero instead.

\bibcite{stackoverflowStats}{0}
Missing character: There is no - in font nullfont!
Missing character: There is no , in font nullfont!
litverz.tex:27: Undefined control sequence.
l.27 	\url
          {https://insights.stackoverflow.com/trends?tags=reactjs%2Cangular%...
The control sequence at the end of the top line
of your error message was never \def'ed. If you have
misspelled it (e.g., `\hobx'), type `I' and the correct
spelling (e.g., `I\hbox'). Otherwise just continue,
and I'll forget about whatever was undefined.

Missing character: There is no h in font nullfont!
Missing character: There is no t in font nullfont!
Missing character: There is no t in font nullfont!
Missing character: There is no p in font nullfont!
Missing character: There is no s in font nullfont!
Missing character: There is no : in font nullfont!
Missing character: There is no / in font nullfont!
Missing character: There is no / in font nullfont!
Missing character: There is no i in font nullfont!
Missing character: There is no n in font nullfont!
Missing character: There is no s in font nullfont!
Missing character: There is no i in font nullfont!
Missing character: There is no g in font nullfont!
Missing character: There is no h in font nullfont!
Missing character: There is no t in font nullfont!
Missing character: There is no s in font nullfont!
Missing character: There is no . in font nullfont!
Missing character: There is no s in font nullfont!
Missing character: There is no t in font nullfont!
Missing character: There is no a in font nullfont!
Missing character: There is no c in font nullfont!
Missing character: There is no k in font nullfont!
Missing character: There is no o in font nullfont!
Missing character: There is no v in font nullfont!
Missing character: There is no e in font nullfont!
Missing character: There is no r in font nullfont!
Missing character: There is no f in font nullfont!
Missing character: There is no l in font nullfont!
Missing character: There is no o in font nullfont!
Missing character: There is no w in font nullfont!
Missing character: There is no . in font nullfont!
Missing character: There is no c in font nullfont!
Missing character: There is no o in font nullfont!
Missing character: There is no m in font nullfont!
Missing character: There is no / in font nullfont!
Missing character: There is no t in font nullfont!
Missing character: There is no r in font nullfont!
Missing character: There is no e in font nullfont!
Missing character: There is no n in font nullfont!
Missing character: There is no d in font nullfont!
Missing character: There is no s in font nullfont!
Missing character: There is no ? in font nullfont!
Missing character: There is no t in font nullfont!
Missing character: There is no a in font nullfont!
Missing character: There is no g in font nullfont!
Missing character: There is no s in font nullfont!
Missing character: There is no = in font nullfont!
Missing character: There is no r in font nullfont!
Missing character: There is no e in font nullfont!
Missing character: There is no a in font nullfont!
Missing character: There is no c in font nullfont!
Missing character: There is no t in font nullfont!
Missing character: There is no j in font nullfont!
Missing character: There is no s in font nullfont!
Missing character: There is no ( in font nullfont!
Missing character: There is no a in font nullfont!
Missing character: There is no b in font nullfont!
Missing character: There is no g in font nullfont!
Missing character: There is no e in font nullfont!
Missing character: There is no r in font nullfont!
Missing character: There is no u in font nullfont!
Missing character: There is no f in font nullfont!
Missing character: There is no e in font nullfont!
Missing character: There is no n in font nullfont!
Missing character: There is no 2 in font nullfont!
Missing character: There is no 6 in font nullfont!
Missing character: There is no . in font nullfont!
Missing character: There is no 0 in font nullfont!
Missing character: There is no 4 in font nullfont!
Missing character: There is no . in font nullfont!
Missing character: There is no 2 in font nullfont!
Missing character: There is no 0 in font nullfont!
Missing character: There is no 2 in font nullfont!
Missing character: There is no 3 in font nullfont!
Missing character: There is no ) in font nullfont!

Overfull \hbox (26.83313pt too wide) in paragraph at lines 25--29
\OT1/cmr/m/it/10 Stack-
 []


Overfull \hbox (22.10538pt too wide) in paragraph at lines 25--29
\OT1/cmr/m/it/10 over-
 []


Overfull \hbox (17.63322pt too wide) in paragraph at lines 25--29
\OT1/cmr/m/it/10 flow
 []


Overfull \hbox (28.11092pt too wide) in paragraph at lines 25--29
\OT1/cmr/m/it/10 Statis-
 []


Overfull \hbox (10.9888pt too wide) in paragraph at lines 25--29
\OT1/cmr/m/it/10 tik
 []


Overfull \hbox (13.67213pt too wide) in paragraph at lines 25--29
\OT1/cmr/m/it/10 zur
 []


Overfull \hbox (43.72192pt too wide) in paragraph at lines 25--29
\OT1/cmr/m/it/10 H^^?aufigkeit
 []


Overfull \hbox (15.33324pt too wide) in paragraph at lines 25--29
\OT1/cmr/m/it/10 von
 []


Overfull \hbox (18.1554pt too wide) in paragraph at lines 25--29
\OT1/cmr/m/it/10 Fra-
 []


Overfull \hbox (14.82211pt too wide) in paragraph at lines 25--29
\OT1/cmr/m/it/10 gen
 []


Overfull \hbox (20.44432pt too wide) in paragraph at lines 25--29
\OT1/cmr/m/it/10 nach
 []


Overfull \hbox (30.93309pt too wide) in paragraph at lines 25--29
\OT1/cmr/m/it/10 Frame-
 []


Overfull \hbox (25.68317pt too wide) in paragraph at lines 25--29
\OT1/cmr/m/it/10 work1
 []


litverz.tex:30: LaTeX Error: Lonely \item--perhaps a missing list environment.

See the LaTeX manual or LaTeX Companion for explanation.
Type  H <return>  for immediate help.
 ...                                              
                                                  
l.30 \bibitem{gackenheimer2015introduction}
                                           
Try typing  <return>  to proceed.
If that doesn't work, type  X <return>  to quit.

litverz.tex:30: Undefined control sequence.
<argument> \@listctr 
                     
l.30 \bibitem{gackenheimer2015introduction}
                                           
The control sequence at the end of the top line
of your error message was never \def'ed. If you have
misspelled it (e.g., `\hobx'), type `I' and the correct
spelling (e.g., `I\hbox'). Otherwise just continue,
and I'll forget about whatever was undefined.

litverz.tex:30: You can't use `\relax' after \the.
<recently read> \c@ 
                    
l.30 \bibitem{gackenheimer2015introduction}
                                           
I'm forgetting what you said and using zero instead.

\bibcite{gackenheimer2015introduction}{0}
Missing character: There is no C in font nullfont!
Missing character: There is no o in font nullfont!
Missing character: There is no r in font nullfont!
Missing character: There is no y in font nullfont!
Missing character: There is no G in font nullfont!
Missing character: There is no a in font nullfont!
Missing character: There is no c in font nullfont!
Missing character: There is no k in font nullfont!
Missing character: There is no e in font nullfont!
Missing character: There is no n in font nullfont!
Missing character: There is no h in font nullfont!
Missing character: There is no e in font nullfont!
Missing character: There is no i in font nullfont!
Missing character: There is no m in font nullfont!
Missing character: There is no e in font nullfont!
Missing character: There is no r in font nullfont!
Missing character: There is no , in font nullfont!
Missing character: There is no A in font nullfont!
Missing character: There is no p in font nullfont!
Missing character: There is no r in font nullfont!
Missing character: There is no e in font nullfont!
Missing character: There is no s in font nullfont!
Missing character: There is no s in font nullfont!
Missing character: There is no , in font nullfont!
Missing character: There is no 2 in font nullfont!
Missing character: There is no 0 in font nullfont!
Missing character: There is no 1 in font nullfont!
Missing character: There is no 5 in font nullfont!
Missing character: There is no . in font nullfont!

Overfull \hbox (13.05547pt too wide) in paragraph at lines 31--35
\OT1/cmr/m/it/10 In-
 []


Overfull \hbox (15.71652pt too wide) in paragraph at lines 31--35
\OT1/cmr/m/it/10 tro-
 []


Overfull \hbox (18.65543pt too wide) in paragraph at lines 31--35
\OT1/cmr/m/it/10 duc-
 []


Overfull \hbox (17.12212pt too wide) in paragraph at lines 31--35
\OT1/cmr/m/it/10 tion
 []


Overfull \hbox (8.43327pt too wide) in paragraph at lines 31--35
\OT1/cmr/m/it/10 to
 []


Overfull \hbox (14.96098pt too wide) in paragraph at lines 31--35
\OT1/cmr/m/it/10 Re-
 []


Overfull \hbox (16.09988pt too wide) in paragraph at lines 31--35
\OT1/cmr/m/it/10 act.
 []


litverz.tex:38: LaTeX Error: Lonely \item--perhaps a missing list environment.

See the LaTeX manual or LaTeX Companion for explanation.
Type  H <return>  for immediate help.
 ...                                              
                                                  
l.38 \bibitem{lkurz15}
                      
Try typing  <return>  to proceed.
If that doesn't work, type  X <return>  to quit.

litverz.tex:38: Undefined control sequence.
<argument> \@listctr 
                     
l.38 \bibitem{lkurz15}
                      
The control sequence at the end of the top line
of your error message was never \def'ed. If you have
misspelled it (e.g., `\hobx'), type `I' and the correct
spelling (e.g., `I\hbox'). Otherwise just continue,
and I'll forget about whatever was undefined.

litverz.tex:38: You can't use `\relax' after \the.
<recently read> \c@ 
                    
l.38 \bibitem{lkurz15}
                      
I'm forgetting what you said and using zero instead.

\bibcite{lkurz15}{0}
Missing character: There is no M in font nullfont!
Missing character: There is no a in font nullfont!
Missing character: There is no r in font nullfont!
Missing character: There is no c in font nullfont!
Missing character: There is no o in font nullfont!
Missing character: There is no D in font nullfont!
Missing character: There is no a in font nullfont!
Missing character: There is no n in font nullfont!
Missing character: There is no i in font nullfont!
Missing character: There is no e in font nullfont!
Missing character: There is no l in font nullfont!
Missing character: There is no , in font nullfont!
Missing character: There is no P in font nullfont!
Missing character: There is no a in font nullfont!
Missing character: There is no t in font nullfont!
Missing character: There is no r in font nullfont!
Missing character: There is no i in font nullfont!
Missing character: There is no c in font nullfont!
Missing character: There is no k in font nullfont!
Missing character: There is no G in font nullfont!
Missing character: There is no u in font nullfont!
Missing character: There is no n in font nullfont!
Missing character: There is no d in font nullfont!
Missing character: There is no l in font nullfont!
Missing character: There is no a in font nullfont!
Missing character: There is no c in font nullfont!
Missing character: There is no h in font nullfont!
Missing character: There is no , in font nullfont!
Missing character: There is no W in font nullfont!
Missing character: There is no a in font nullfont!
Missing character: There is no l in font nullfont!
Missing character: There is no t in font nullfont!
Missing character: There is no e in font nullfont!
Missing character: There is no r in font nullfont!
Missing character: There is no S in font nullfont!
Missing character: There is no c in font nullfont!
Missing character: There is no h in font nullfont!
Missing character: There is no m in font nullfont!
Missing character: There is no i in font nullfont!
Missing character: There is no d in font nullfont!
Missing character: There is no t in font nullfont!
Missing character: There is no , in font nullfont!
Missing character: There is no J in font nullfont!
LaTeX Font Info:    Trying to load font information for +cmr on input line 39.
LaTeX Font Info:    No file cmr.fd. on input line 39.

LaTeX Font Warning: Font shape `/cmr/m/n' undefined
(Font)              using `/cmr/m/n' instead on input line 39.

litverz.tex:39: Corrupted NFSS tables.
wrong@fontshape ...message {Corrupted NFSS tables}
                                                  error@fontshape else let f...
l.39 ...iel, Patrick Gundlach, Walter Schmidt, Jö
                                                  rg Knappen, Hubert
This error message was generated by an \errmessage
command, so I can't give any explicit help.
Pretend that you're Hercule Poirot: Examine all clues,
and deduce the truth by order and method.


LaTeX Font Warning: Font shape `/cmr/m/n' undefined
(Font)              using `OT1/cmr/m/n' instead on input line 39.

Missing character: There is no r in font nullfont!
Missing character: There is no g in font nullfont!
Missing character: There is no K in font nullfont!
Missing character: There is no n in font nullfont!
Missing character: There is no a in font nullfont!
Missing character: There is no p in font nullfont!
Missing character: There is no p in font nullfont!
Missing character: There is no e in font nullfont!
Missing character: There is no n in font nullfont!
Missing character: There is no , in font nullfont!
Missing character: There is no H in font nullfont!
Missing character: There is no u in font nullfont!
Missing character: There is no b in font nullfont!
Missing character: There is no e in font nullfont!
Missing character: There is no r in font nullfont!
Missing character: There is no t in font nullfont!
Missing character: There is no P in font nullfont!
Missing character: There is no a in font nullfont!
Missing character: There is no r in font nullfont!
Missing character: There is no t in font nullfont!
Missing character: There is no l in font nullfont!
Missing character: There is no u in font nullfont!
Missing character: There is no n in font nullfont!
Missing character: There is no d in font nullfont!
Missing character: There is no I in font nullfont!
Missing character: There is no r in font nullfont!
Missing character: There is no e in font nullfont!
Missing character: There is no n in font nullfont!
Missing character: There is no e in font nullfont!
Missing character: There is no H in font nullfont!
Missing character: There is no y in font nullfont!
Missing character: There is no n in font nullfont!
Missing character: There is no a in font nullfont!
Missing character: There is no , in font nullfont!
litverz.tex:42: Undefined control sequence.
l.42 	\url
          {http://mirror.unicorncloud.org/CTAN/info/lshort/german/l2kurz.pdf},
The control sequence at the end of the top line
of your error message was never \def'ed. If you have
misspelled it (e.g., `\hobx'), type `I' and the correct
spelling (e.g., `I\hbox'). Otherwise just continue,
and I'll forget about whatever was undefined.

Missing character: There is no h in font nullfont!
Missing character: There is no t in font nullfont!
Missing character: There is no t in font nullfont!
Missing character: There is no p in font nullfont!
Missing character: There is no : in font nullfont!
Missing character: There is no / in font nullfont!
Missing character: There is no / in font nullfont!
Missing character: There is no m in font nullfont!
Missing character: There is no i in font nullfont!
Missing character: There is no r in font nullfont!
Missing character: There is no r in font nullfont!
Missing character: There is no o in font nullfont!
Missing character: There is no r in font nullfont!
Missing character: There is no . in font nullfont!
Missing character: There is no u in font nullfont!
Missing character: There is no n in font nullfont!
Missing character: There is no i in font nullfont!
Missing character: There is no c in font nullfont!
Missing character: There is no o in font nullfont!
Missing character: There is no r in font nullfont!
Missing character: There is no n in font nullfont!
Missing character: There is no c in font nullfont!
Missing character: There is no l in font nullfont!
Missing character: There is no o in font nullfont!
Missing character: There is no u in font nullfont!
Missing character: There is no d in font nullfont!
Missing character: There is no . in font nullfont!
Missing character: There is no o in font nullfont!
Missing character: There is no r in font nullfont!
Missing character: There is no g in font nullfont!
Missing character: There is no / in font nullfont!
Missing character: There is no C in font nullfont!
Missing character: There is no T in font nullfont!
Missing character: There is no A in font nullfont!
Missing character: There is no N in font nullfont!
Missing character: There is no / in font nullfont!
Missing character: There is no i in font nullfont!
Missing character: There is no n in font nullfont!
Missing character: There is no f in font nullfont!
Missing character: There is no o in font nullfont!
Missing character: There is no / in font nullfont!
Missing character: There is no l in font nullfont!
Missing character: There is no s in font nullfont!
Missing character: There is no h in font nullfont!
Missing character: There is no o in font nullfont!
Missing character: There is no r in font nullfont!
Missing character: There is no t in font nullfont!
Missing character: There is no / in font nullfont!
Missing character: There is no g in font nullfont!
Missing character: There is no e in font nullfont!
Missing character: There is no r in font nullfont!
Missing character: There is no m in font nullfont!
Missing character: There is no a in font nullfont!
Missing character: There is no n in font nullfont!
Missing character: There is no / in font nullfont!
Missing character: There is no l in font nullfont!
Missing character: There is no 2 in font nullfont!
Missing character: There is no k in font nullfont!
Missing character: There is no u in font nullfont!
Missing character: There is no r in font nullfont!
Missing character: There is no z in font nullfont!
Missing character: There is no . in font nullfont!
Missing character: There is no p in font nullfont!
Missing character: There is no d in font nullfont!
Missing character: There is no f in font nullfont!
Missing character: There is no , in font nullfont!
Missing character: There is no 2 in font nullfont!
Missing character: There is no 0 in font nullfont!
Missing character: There is no 1 in font nullfont!
Missing character: There is no 5 in font nullfont!
Missing character: There is no . in font nullfont!

Overfull \hbox (10.00003pt too wide) in paragraph at lines 39--44
\/cmr/m/n/10 ^^?o
 []


Overfull \hbox (40.89565pt too wide) in paragraph at lines 39--44
[]\OT1/cmr/m/it/10 -
 []


Overfull \hbox (75.41055pt too wide) in paragraph at lines 39--44
\OT1/cmr/m/it/10 Kurzbeschreibung 
 []


litverz.tex:44: LaTeX Error: Lonely \item--perhaps a missing list environment.

See the LaTeX manual or LaTeX Companion for explanation.
Type  H <return>  for immediate help.
 ...                                              
                                                  
l.44 \bibitem{knuth99}
                      
Try typing  <return>  to proceed.
If that doesn't work, type  X <return>  to quit.

litverz.tex:44: Undefined control sequence.
<argument> \@listctr 
                     
l.44 \bibitem{knuth99}
                      
The control sequence at the end of the top line
of your error message was never \def'ed. If you have
misspelled it (e.g., `\hobx'), type `I' and the correct
spelling (e.g., `I\hbox'). Otherwise just continue,
and I'll forget about whatever was undefined.

litverz.tex:44: You can't use `\relax' after \the.
<recently read> \c@ 
                    
l.44 \bibitem{knuth99}
                      
I'm forgetting what you said and using zero instead.

\bibcite{knuth99}{0}
Missing character: There is no D in font nullfont!
Missing character: There is no o in font nullfont!
Missing character: There is no n in font nullfont!
Missing character: There is no a in font nullfont!
Missing character: There is no l in font nullfont!
Missing character: There is no d in font nullfont!
Missing character: There is no E in font nullfont!
Missing character: There is no . in font nullfont!
Missing character: There is no K in font nullfont!
Missing character: There is no n in font nullfont!
Missing character: There is no u in font nullfont!
Missing character: There is no t in font nullfont!
Missing character: There is no h in font nullfont!
Missing character: There is no , in font nullfont!
Missing character: There is no R in font nullfont!
Missing character: There is no e in font nullfont!
Missing character: There is no a in font nullfont!
Missing character: There is no d in font nullfont!
Missing character: There is no i in font nullfont!
Missing character: There is no n in font nullfont!
Missing character: There is no g in font nullfont!
Missing character: There is no , in font nullfont!
Missing character: There is no M in font nullfont!
Missing character: There is no A in font nullfont!
Missing character: There is no : in font nullfont!
Missing character: There is no A in font nullfont!
Missing character: There is no d in font nullfont!
Missing character: There is no d in font nullfont!
Missing character: There is no i in font nullfont!
Missing character: There is no s in font nullfont!
Missing character: There is no o in font nullfont!
Missing character: There is no n in font nullfont!
Missing character: There is no - in font nullfont!
Missing character: There is no W in font nullfont!
Missing character: There is no e in font nullfont!
Missing character: There is no s in font nullfont!
Missing character: There is no l in font nullfont!
Missing character: There is no e in font nullfont!
Missing character: There is no y in font nullfont!
Missing character: There is no , in font nullfont!
Missing character: There is no 1 in font nullfont!
Missing character: There is no 9 in font nullfont!
Missing character: There is no 8 in font nullfont!
Missing character: There is no 6 in font nullfont!
Missing character: There is no . in font nullfont!

Overfull \hbox (16.86655pt too wide) in paragraph at lines 45--49
\OT1/cmr/m/it/10 The
 []


Overfull \hbox (36.7901pt too wide) in paragraph at lines 45--49
\OT1/cmr/m/it/10 T[]Xbook
 []


litverz.tex:49: LaTeX Error: Lonely \item--perhaps a missing list environment.

See the LaTeX manual or LaTeX Companion for explanation.
Type  H <return>  for immediate help.
 ...                                              
                                                  
l.49 \bibitem{koma16}
                     
Try typing  <return>  to proceed.
If that doesn't work, type  X <return>  to quit.

litverz.tex:49: Undefined control sequence.
<argument> \@listctr 
                     
l.49 \bibitem{koma16}
                     
The control sequence at the end of the top line
of your error message was never \def'ed. If you have
misspelled it (e.g., `\hobx'), type `I' and the correct
spelling (e.g., `I\hbox'). Otherwise just continue,
and I'll forget about whatever was undefined.

litverz.tex:49: You can't use `\relax' after \the.
<recently read> \c@ 
                    
l.49 \bibitem{koma16}
                     
I'm forgetting what you said and using zero instead.

\bibcite{koma16}{0}
Missing character: There is no M in font nullfont!
Missing character: There is no a in font nullfont!
Missing character: There is no r in font nullfont!
Missing character: There is no k in font nullfont!
Missing character: There is no u in font nullfont!
Missing character: There is no s in font nullfont!
Missing character: There is no K in font nullfont!
Missing character: There is no o in font nullfont!
Missing character: There is no h in font nullfont!
Missing character: There is no m in font nullfont!
LaTeX Font Info:    Font shape `OT1/cmss/m/it' in size <10> not available
(Font)              Font shape `OT1/cmss/m/sl' tried instead on input line 51.
Missing character: There is no , in font nullfont!
litverz.tex:52: Undefined control sequence.
l.52 	\url
          {http://www.komascript.de/~mkohm/scrguide.pdf}
The control sequence at the end of the top line
of your error message was never \def'ed. If you have
misspelled it (e.g., `\hobx'), type `I' and the correct
spelling (e.g., `I\hbox'). Otherwise just continue,
and I'll forget about whatever was undefined.

Missing character: There is no h in font nullfont!
Missing character: There is no t in font nullfont!
Missing character: There is no t in font nullfont!
Missing character: There is no p in font nullfont!
Missing character: There is no : in font nullfont!
Missing character: There is no / in font nullfont!
Missing character: There is no / in font nullfont!
Missing character: There is no w in font nullfont!
Missing character: There is no w in font nullfont!
Missing character: There is no w in font nullfont!
Missing character: There is no . in font nullfont!
Missing character: There is no k in font nullfont!
Missing character: There is no o in font nullfont!
Missing character: There is no m in font nullfont!
Missing character: There is no a in font nullfont!
Missing character: There is no s in font nullfont!
Missing character: There is no c in font nullfont!
Missing character: There is no r in font nullfont!
Missing character: There is no i in font nullfont!
Missing character: There is no p in font nullfont!
Missing character: There is no t in font nullfont!
Missing character: There is no . in font nullfont!
Missing character: There is no d in font nullfont!
Missing character: There is no e in font nullfont!
Missing character: There is no / in font nullfont!
Missing character: There is no m in font nullfont!
Missing character: There is no k in font nullfont!
Missing character: There is no o in font nullfont!
Missing character: There is no h in font nullfont!
Missing character: There is no m in font nullfont!
Missing character: There is no / in font nullfont!
Missing character: There is no s in font nullfont!
Missing character: There is no c in font nullfont!
Missing character: There is no r in font nullfont!
Missing character: There is no g in font nullfont!
Missing character: There is no u in font nullfont!
Missing character: There is no i in font nullfont!
Missing character: There is no d in font nullfont!
Missing character: There is no e in font nullfont!
Missing character: There is no . in font nullfont!
Missing character: There is no p in font nullfont!
Missing character: There is no d in font nullfont!
Missing character: There is no f in font nullfont!
Missing character: There is no 2 in font nullfont!
Missing character: There is no 0 in font nullfont!
Missing character: There is no 1 in font nullfont!
Missing character: There is no 6 in font nullfont!
Missing character: There is no . in font nullfont!

Overfull \hbox (15.21655pt too wide) in paragraph at lines 50--54
\OT1/cmr/m/it/10 Die
 []


Overfull \hbox (16.37766pt too wide) in paragraph at lines 50--54
\OT1/cmr/m/it/10 An-
 []


Overfull \hbox (29.13313pt too wide) in paragraph at lines 50--54
\OT1/cmr/m/it/10 leitung
 []


Overfull \hbox (32.77786pt too wide) in paragraph at lines 50--54
\OT1/cmss/m/sl/10 KOMA-
 []


Overfull \hbox (24.58337pt too wide) in paragraph at lines 50--54
\OT1/cmss/m/sl/10 Script
 []


litverz.tex:54: LaTeX Error: Lonely \item--perhaps a missing list environment.

See the LaTeX manual or LaTeX Companion for explanation.
Type  H <return>  for immediate help.
 ...                                              
                                                  
l.54 \bibitem{lamport94}
                        
Try typing  <return>  to proceed.
If that doesn't work, type  X <return>  to quit.

litverz.tex:54: Undefined control sequence.
<argument> \@listctr 
                     
l.54 \bibitem{lamport94}
                        
The control sequence at the end of the top line
of your error message was never \def'ed. If you have
misspelled it (e.g., `\hobx'), type `I' and the correct
spelling (e.g., `I\hbox'). Otherwise just continue,
and I'll forget about whatever was undefined.

litverz.tex:54: You can't use `\relax' after \the.
<recently read> \c@ 
                    
l.54 \bibitem{lamport94}
                        
I'm forgetting what you said and using zero instead.

\bibcite{lamport94}{0}
Missing character: There is no L in font nullfont!
Missing character: There is no e in font nullfont!
Missing character: There is no s in font nullfont!
Missing character: There is no l in font nullfont!
Missing character: There is no i in font nullfont!
Missing character: There is no e in font nullfont!
Missing character: There is no L in font nullfont!
Missing character: There is no a in font nullfont!
Missing character: There is no m in font nullfont!
Missing character: There is no p in font nullfont!
Missing character: There is no o in font nullfont!
Missing character: There is no r in font nullfont!
Missing character: There is no t in font nullfont!
Missing character: There is no , in font nullfont!
Missing character: There is no 2 in font nullfont!
Missing character: There is no n in font nullfont!
Missing character: There is no d in font nullfont!
Missing character: There is no e in font nullfont!
Missing character: There is no d in font nullfont!
Missing character: There is no i in font nullfont!
Missing character: There is no t in font nullfont!
Missing character: There is no i in font nullfont!
Missing character: There is no o in font nullfont!
Missing character: There is no n in font nullfont!
Missing character: There is no , in font nullfont!
Missing character: There is no R in font nullfont!
Missing character: There is no e in font nullfont!
Missing character: There is no a in font nullfont!
Missing character: There is no d in font nullfont!
Missing character: There is no i in font nullfont!
Missing character: There is no n in font nullfont!
Missing character: There is no g in font nullfont!
Missing character: There is no , in font nullfont!
Missing character: There is no M in font nullfont!
Missing character: There is no A in font nullfont!
Missing character: There is no : in font nullfont!
Missing character: There is no A in font nullfont!
Missing character: There is no d in font nullfont!
Missing character: There is no d in font nullfont!
Missing character: There is no i in font nullfont!
Missing character: There is no s in font nullfont!
Missing character: There is no o in font nullfont!
Missing character: There is no n in font nullfont!
Missing character: There is no - in font nullfont!
Missing character: There is no W in font nullfont!
Missing character: There is no e in font nullfont!
Missing character: There is no s in font nullfont!
Missing character: There is no l in font nullfont!
Missing character: There is no e in font nullfont!
Missing character: There is no y in font nullfont!
Missing character: There is no , in font nullfont!
Missing character: There is no 1 in font nullfont!
Missing character: There is no 9 in font nullfont!
Missing character: There is no 9 in font nullfont!
Missing character: There is no 4 in font nullfont!
Missing character: There is no . in font nullfont!

Overfull \hbox (28.57704pt too wide) in paragraph at lines 55--60
\OT1/cmr/m/it/10 L[]T[]X:
 []


Overfull \hbox (5.11108pt too wide) in paragraph at lines 55--60
\OT1/cmr/m/it/10 a
 []


Overfull \hbox (17.88875pt too wide) in paragraph at lines 55--60
\OT1/cmr/m/it/10 doc-
 []


Overfull \hbox (8.94438pt too wide) in paragraph at lines 55--60
\OT1/cmr/m/it/10 u-
 []


Overfull \hbox (21.72208pt too wide) in paragraph at lines 55--60
\OT1/cmr/m/it/10 ment
 []


Overfull \hbox (26.70534pt too wide) in paragraph at lines 55--60
\OT1/cmr/m/it/10 prepa-
 []


Overfull \hbox (12.39433pt too wide) in paragraph at lines 55--60
\OT1/cmr/m/it/10 ra-
 []


Overfull \hbox (17.12212pt too wide) in paragraph at lines 55--60
\OT1/cmr/m/it/10 tion
 []


Overfull \hbox (16.611pt too wide) in paragraph at lines 55--60
\OT1/cmr/m/it/10 sys-
 []


Overfull \hbox (16.09988pt too wide) in paragraph at lines 55--60
\OT1/cmr/m/it/10 tem
 []


litverz.tex:60: LaTeX Error: Lonely \item--perhaps a missing list environment.

See the LaTeX manual or LaTeX Companion for explanation.
Type  H <return>  for immediate help.
 ...                                              
                                                  
l.60 \bibitem{partosch15}
                         
Try typing  <return>  to proceed.
If that doesn't work, type  X <return>  to quit.

litverz.tex:60: Undefined control sequence.
<argument> \@listctr 
                     
l.60 \bibitem{partosch15}
                         
The control sequence at the end of the top line
of your error message was never \def'ed. If you have
misspelled it (e.g., `\hobx'), type `I' and the correct
spelling (e.g., `I\hbox'). Otherwise just continue,
and I'll forget about whatever was undefined.

litverz.tex:60: You can't use `\relax' after \the.
<recently read> \c@ 
                    
l.60 \bibitem{partosch15}
                         
I'm forgetting what you said and using zero instead.

\bibcite{partosch15}{0}
Missing character: There is no G in font nullfont!
Missing character: There is no n in font nullfont!
Missing character: There is no t in font nullfont!
Missing character: There is no e in font nullfont!
Missing character: There is no r in font nullfont!
Missing character: There is no P in font nullfont!
Missing character: There is no a in font nullfont!
Missing character: There is no r in font nullfont!
Missing character: There is no t in font nullfont!
Missing character: There is no o in font nullfont!
Missing character: There is no s in font nullfont!
Missing character: There is no c in font nullfont!
Missing character: There is no h in font nullfont!
Missing character: There is no , in font nullfont!
litverz.tex:64: Undefined control sequence.
l.64 	\url
          {https://www.staff.uni-giessen.de/partosch/unterlagen/abschlussarb...
The control sequence at the end of the top line
of your error message was never \def'ed. If you have
misspelled it (e.g., `\hobx'), type `I' and the correct
spelling (e.g., `I\hbox'). Otherwise just continue,
and I'll forget about whatever was undefined.

Missing character: There is no h in font nullfont!
Missing character: There is no t in font nullfont!
Missing character: There is no t in font nullfont!
Missing character: There is no p in font nullfont!
Missing character: There is no s in font nullfont!
Missing character: There is no : in font nullfont!
Missing character: There is no / in font nullfont!
Missing character: There is no / in font nullfont!
Missing character: There is no w in font nullfont!
Missing character: There is no w in font nullfont!
Missing character: There is no w in font nullfont!
Missing character: There is no . in font nullfont!
Missing character: There is no s in font nullfont!
Missing character: There is no t in font nullfont!
Missing character: There is no a in font nullfont!
Missing character: There is no f in font nullfont!
Missing character: There is no f in font nullfont!
Missing character: There is no . in font nullfont!
Missing character: There is no u in font nullfont!
Missing character: There is no n in font nullfont!
Missing character: There is no i in font nullfont!
Missing character: There is no - in font nullfont!
Missing character: There is no g in font nullfont!
Missing character: There is no i in font nullfont!
Missing character: There is no e in font nullfont!
Missing character: There is no s in font nullfont!
Missing character: There is no s in font nullfont!
Missing character: There is no e in font nullfont!
Missing character: There is no n in font nullfont!
Missing character: There is no . in font nullfont!
Missing character: There is no d in font nullfont!
Missing character: There is no e in font nullfont!
Missing character: There is no / in font nullfont!
Missing character: There is no p in font nullfont!
Missing character: There is no a in font nullfont!
Missing character: There is no r in font nullfont!
Missing character: There is no t in font nullfont!
Missing character: There is no o in font nullfont!
Missing character: There is no s in font nullfont!
Missing character: There is no c in font nullfont!
Missing character: There is no h in font nullfont!
Missing character: There is no / in font nullfont!
Missing character: There is no u in font nullfont!
Missing character: There is no n in font nullfont!
Missing character: There is no t in font nullfont!
Missing character: There is no e in font nullfont!
Missing character: There is no r in font nullfont!
Missing character: There is no l in font nullfont!
Missing character: There is no a in font nullfont!
Missing character: There is no g in font nullfont!
Missing character: There is no e in font nullfont!
Missing character: There is no n in font nullfont!
Missing character: There is no / in font nullfont!
Missing character: There is no a in font nullfont!
Missing character: There is no b in font nullfont!
Missing character: There is no s in font nullfont!
Missing character: There is no c in font nullfont!
Missing character: There is no h in font nullfont!
Missing character: There is no l in font nullfont!
Missing character: There is no u in font nullfont!
Missing character: There is no s in font nullfont!
Missing character: There is no s in font nullfont!
Missing character: There is no a in font nullfont!
Missing character: There is no r in font nullfont!
Missing character: There is no b in font nullfont!
Missing character: There is no e in font nullfont!
Missing character: There is no i in font nullfont!
Missing character: There is no t in font nullfont!
Missing character: There is no . in font nullfont!
Missing character: There is no p in font nullfont!
Missing character: There is no d in font nullfont!
Missing character: There is no f in font nullfont!
Missing character: There is no , in font nullfont!
Missing character: There is no 2 in font nullfont!
Missing character: There is no 0 in font nullfont!
Missing character: There is no 1 in font nullfont!
Missing character: There is no 5 in font nullfont!
Missing character: There is no . in font nullfont!

Overfull \hbox (5.55557pt too wide) in paragraph at lines 61--66
\/cmr/m/n/10 ^^?u
 []


Overfull \hbox (16.37766pt too wide) in paragraph at lines 61--66
\OT1/cmr/m/it/10 An-
 []


Overfull \hbox (40.37749pt too wide) in paragraph at lines 61--66
\OT1/cmr/m/it/10 forderun-
 []


Overfull \hbox (14.82211pt too wide) in paragraph at lines 61--66
\OT1/cmr/m/it/10 gen
 []


Overfull \hbox (10.73328pt too wide) in paragraph at lines 61--66
\OT1/cmr/m/it/10 an
 []


Overfull \hbox (17.37767pt too wide) in paragraph at lines 61--66
\OT1/cmr/m/it/10 wis-
 []


Overfull \hbox (59.54405pt too wide) in paragraph at lines 61--66
\OT1/cmr/m/it/10 senschaftliche
 []


Overfull \hbox (15.35542pt too wide) in paragraph at lines 61--66
\OT1/cmr/m/it/10 Ab-
 []


Overfull \hbox (29.3887pt too wide) in paragraph at lines 61--66
\OT1/cmr/m/it/10 schlus-
 []


Overfull \hbox (16.99432pt too wide) in paragraph at lines 61--66
\OT1/cmr/m/it/10 sar-
 []


Overfull \hbox (25.29979pt too wide) in paragraph at lines 61--66
\OT1/cmr/m/it/10 beiten
 []


Overfull \hbox (16.09991pt too wide) in paragraph at lines 61--66
\OT1/cmr/m/it/10 und
 []


Overfull \hbox (14.31102pt too wide) in paragraph at lines 61--66
\OT1/cmr/m/it/10 wie
 []


Overfull \hbox (11.75548pt too wide) in paragraph at lines 61--66
\OT1/cmr/m/it/10 sie
 []


Overfull \hbox (14.56657pt too wide) in paragraph at lines 61--66
\OT1/cmr/m/it/10 mit
 []


Overfull \hbox (25.51039pt too wide) in paragraph at lines 61--66
\OT1/cmr/m/it/10 L[]T[]X
 []


Overfull \hbox (24.2776pt too wide) in paragraph at lines 61--66
\OT1/cmr/m/it/10 gel^^?ost
 []


Overfull \hbox (19.03874pt too wide) in paragraph at lines 61--66
\OT1/cmr/m/it/10 wer-
 []


Overfull \hbox (15.33324pt too wide) in paragraph at lines 61--66
\OT1/cmr/m/it/10 den
 []


Overfull \hbox (31.17758pt too wide) in paragraph at lines 61--66
\OT1/cmr/m/it/10 k^^?onnen 
 []


litverz.tex:66: LaTeX Error: Lonely \item--perhaps a missing list environment.

See the LaTeX manual or LaTeX Companion for explanation.
Type  H <return>  for immediate help.
 ...                                              
                                                  
l.66 \bibitem{test23}
                     
Try typing  <return>  to proceed.
If that doesn't work, type  X <return>  to quit.

litverz.tex:66: Undefined control sequence.
<argument> \@listctr 
                     
l.66 \bibitem{test23}
                     
The control sequence at the end of the top line
of your error message was never \def'ed. If you have
misspelled it (e.g., `\hobx'), type `I' and the correct
spelling (e.g., `I\hbox'). Otherwise just continue,
and I'll forget about whatever was undefined.

litverz.tex:66: You can't use `\relax' after \the.
<recently read> \c@ 
                    
l.66 \bibitem{test23}
                     
I'm forgetting what you said and using zero instead.

\bibcite{test23}{0}
Missing character: There is no M in font nullfont!
Missing character: There is no a in font nullfont!
Missing character: There is no x in font nullfont!
Missing character: There is no M in font nullfont!
Missing character: There is no u in font nullfont!
Missing character: There is no s in font nullfont!
Missing character: There is no t in font nullfont!
Missing character: There is no e in font nullfont!
Missing character: There is no r in font nullfont!
Missing character: There is no m in font nullfont!
Missing character: There is no a in font nullfont!
Missing character: There is no n in font nullfont!
Missing character: There is no n in font nullfont!
Missing character: There is no , in font nullfont!
litverz.tex:69: Undefined control sequence.
l.69     \url
             {https://googl.de},
The control sequence at the end of the top line
of your error message was never \def'ed. If you have
misspelled it (e.g., `\hobx'), type `I' and the correct
spelling (e.g., `I\hbox'). Otherwise just continue,
and I'll forget about whatever was undefined.

Missing character: There is no h in font nullfont!
Missing character: There is no t in font nullfont!
Missing character: There is no t in font nullfont!
Missing character: There is no p in font nullfont!
Missing character: There is no s in font nullfont!
Missing character: There is no : in font nullfont!
Missing character: There is no / in font nullfont!
Missing character: There is no / in font nullfont!
Missing character: There is no g in font nullfont!
Missing character: There is no o in font nullfont!
Missing character: There is no o in font nullfont!
Missing character: There is no g in font nullfont!
Missing character: There is no l in font nullfont!
Missing character: There is no . in font nullfont!
Missing character: There is no d in font nullfont!
Missing character: There is no e in font nullfont!
Missing character: There is no , in font nullfont!
Missing character: There is no 2 in font nullfont!
Missing character: There is no 0 in font nullfont!
Missing character: There is no 2 in font nullfont!
Missing character: There is no 3 in font nullfont!
Missing character: There is no . in font nullfont!

Overfull \hbox (14.70546pt too wide) in paragraph at lines 67--71
\OT1/cmr/m/it/10 Bib
 []


Overfull \hbox (28.62201pt too wide) in paragraph at lines 67--71
\OT1/cmr/m/it/10 Testen
 []


litverz.tex:72: LaTeX Error: \begin{document} ended by \end{thebibliography}.

See the LaTeX manual or LaTeX Companion for explanation.
Type  H <return>  for immediate help.
 ...                                              
                                                  
l.72 \end{thebibliography}
                          
Your command was ignored.
Type  I <command> <return>  to replace it with another command,
or  <return>  to continue without it.

litverz.tex:72: Missing } inserted.
<inserted text> 
                }
l.72 \end{thebibliography}
                          
I've inserted something that you may have forgotten.
(See the <inserted text> above.)
With luck, this will get me unwedged. But if you
really didn't forget anything, try typing `2' now; then
my insertion and my current dilemma will both disappear.

litverz.tex:72: Missing } inserted.
<inserted text> 
                }
l.72 \end{thebibliography}
                          
I've inserted something that you may have forgotten.
(See the <inserted text> above.)
With luck, this will get me unwedged. But if you
really didn't forget anything, try typing `2' now; then
my insertion and my current dilemma will both disappear.

)
! Emergency stop.
<*> ./litverz.tex
                 
*** (job aborted, no legal \end found)

 
Here is how much of TeX's memory you used:
 44 strings out of 476404
 882 string characters out of 2789524
 1852324 words of memory out of 3000000
 20501 multiletter control sequences out of 15000+600000
 513338 words of font info for 35 fonts, out of 8000000 for 9000
 1141 hyphenation exceptions out of 8191
 23i,4n,32p,272b,190s stack positions out of 10000i,1000n,20000p,200000b,80000s
!  ==> Fatal error occurred, no output PDF file produced!
